TN:
SF:src\use-cases\submit-feedback-use-case.ts
FN:17,execute
FN:12,SubmitFeedbackUseCase
FNF:2
FNH:2
FNDA:2,execute
FNDA:1,SubmitFeedbackUseCase
DA:1,1
DA:2,1
DA:3,1
DA:4,1
DA:5,1
DA:6,1
DA:7,1
DA:8,1
DA:9,1
DA:10,1
DA:11,1
DA:12,1
DA:13,1
DA:14,1
DA:15,1
DA:16,1
DA:17,1
DA:18,2
DA:19,2
DA:20,2
DA:21,0
DA:22,0
DA:23,2
DA:24,2
DA:25,0
DA:26,0
DA:27,2
DA:28,2
DA:29,0
DA:30,0
DA:31,2
DA:32,2
DA:33,2
DA:34,2
DA:35,2
DA:36,2
DA:37,2
DA:38,2
DA:39,2
DA:40,2
DA:41,2
DA:42,2
DA:43,2
DA:44,2
DA:45,2
DA:46,2
DA:47,1
LF:47
LH:41
BRDA:17,0,0,2
BRDA:20,1,0,0
BRDA:24,2,0,0
BRDA:28,3,0,0
BRDA:12,4,0,1
BRF:5
BRH:2
end_of_record
